Traceback (most recent call last):
  File "/opt/hostedtoolcache/Python/3.7.10/x64/lib/python3.7/site-packages/jupyter_cache/executors/utils.py", line 56, in single_nb_execution
    record_timing=False,
  File "/opt/hostedtoolcache/Python/3.7.10/x64/lib/python3.7/site-packages/nbclient/client.py", line 1112, in execute
    return NotebookClient(nb=nb, resources=resources, km=km, **kwargs).execute()
  File "/opt/hostedtoolcache/Python/3.7.10/x64/lib/python3.7/site-packages/nbclient/util.py", line 74, in wrapped
    return just_run(coro(*args, **kwargs))
  File "/opt/hostedtoolcache/Python/3.7.10/x64/lib/python3.7/site-packages/nbclient/util.py", line 53, in just_run
    return loop.run_until_complete(coro)
  File "/opt/hostedtoolcache/Python/3.7.10/x64/lib/python3.7/asyncio/base_events.py", line 587, in run_until_complete
    return future.result()
  File "/opt/hostedtoolcache/Python/3.7.10/x64/lib/python3.7/site-packages/nbclient/client.py", line 554, in async_execute
    cell, index, execution_count=self.code_cells_executed + 1
  File "/opt/hostedtoolcache/Python/3.7.10/x64/lib/python3.7/site-packages/nbclient/client.py", line 857, in async_execute_cell
    self._check_raise_for_error(cell, exec_reply)
  File "/opt/hostedtoolcache/Python/3.7.10/x64/lib/python3.7/site-packages/nbclient/client.py", line 760, in _check_raise_for_error
    raise CellExecutionError.from_cell_and_msg(cell, exec_reply_content)
nbclient.exceptions.CellExecutionError: An error occurred while executing the following cell:
------------------
[x0opt, x1opt] = demands(1, 100, 0.4)

x0opt, x1opt, U([x0opt, x1opt], 0.4)
------------------

[0;31m---------------------------------------------------------------------------[0m
[0;31mNameError[0m                                 Traceback (most recent call last)
[0;32m<ipython-input-8-61a5d531916a>[0m in [0;36m<module>[0;34m[0m
[0;32m----> 1[0;31m [0;34m[[0m[0mx0opt[0m[0;34m,[0m [0mx1opt[0m[0;34m][0m [0;34m=[0m [0mdemands[0m[0;34m([0m[0;36m1[0m[0;34m,[0m [0;36m100[0m[0;34m,[0m [0;36m0.4[0m[0;34m)[0m[0;34m[0m[0;34m[0m[0m
[0m[1;32m      2[0m [0;34m[0m[0m
[1;32m      3[0m [0mx0opt[0m[0;34m,[0m [0mx1opt[0m[0;34m,[0m [0mU[0m[0;34m([0m[0;34m[[0m[0mx0opt[0m[0;34m,[0m [0mx1opt[0m[0;34m][0m[0;34m,[0m [0;36m0.4[0m[0;34m)[0m[0;34m[0m[0;34m[0m[0m

[0;32m<ipython-input-7-abb54d7aea75>[0m in [0;36mdemands[0;34m(p, I, a)[0m
[1;32m      9[0m     [0mx[0m [0;34m=[0m [0mnp[0m[0;34m.[0m[0marray[0m[0;34m([0m[0;34m[[0m[0;34m([0m[0mI[0m[0;34m/[0m[0;36m2[0m[0;34m)[0m[0;34m/[0m[0mp[0m[0;34m,[0m [0;34m([0m[0mI[0m[0;34m/[0m[0;36m2[0m[0;34m)[0m[0;34m][0m[0;34m)[0m  [0;31m# initial guess - spend half I on each good[0m[0;34m[0m[0;34m[0m[0m
[1;32m     10[0m [0;34m[0m[0m
[0;32m---> 11[0;31m     [0mux[0m [0;34m=[0m [0mminimize[0m[0;34m([0m[0mnegU[0m[0;34m,[0m [0mx[0m[0;34m,[0m [0mconstraints[0m [0;34m=[0m [0;34m([0m[0;34m{[0m[0;34m'type'[0m[0;34m:[0m [0;34m'eq'[0m[0;34m,[0m [0;34m'fun'[0m [0;34m:[0m [0mbudget[0m [0;34m}[0m[0;34m)[0m [0;34m)[0m[0;34m[0m[0;34m[0m[0m
[0m[1;32m     12[0m [0;34m[0m[0m
[1;32m     13[0m     [0;32mreturn[0m [0mux[0m[0;34m.[0m[0mx[0m[0;34m[0m[0;34m[0m[0m

[0;32m/opt/hostedtoolcache/Python/3.7.10/x64/lib/python3.7/site-packages/scipy/optimize/_minimize.py[0m in [0;36mminimize[0;34m(fun, x0, args, method, jac, hess, hessp, bounds, constraints, tol, callback, options)[0m
[1;32m    626[0m     [0;32melif[0m [0mmeth[0m [0;34m==[0m [0;34m'slsqp'[0m[0;34m:[0m[0;34m[0m[0;34m[0m[0m
[1;32m    627[0m         return _minimize_slsqp(fun, x0, args, jac, bounds,
[0;32m--> 628[0;31m                                constraints, callback=callback, **options)
[0m[1;32m    629[0m     [0;32melif[0m [0mmeth[0m [0;34m==[0m [0;34m'trust-constr'[0m[0;34m:[0m[0;34m[0m[0;34m[0m[0m
[1;32m    630[0m         return _minimize_trustregion_constr(fun, x0, args, jac, hess, hessp,

[0;32m/opt/hostedtoolcache/Python/3.7.10/x64/lib/python3.7/site-packages/scipy/optimize/slsqp.py[0m in [0;36m_minimize_slsqp[0;34m(func, x0, args, jac, bounds, constraints, maxiter, ftol, iprint, disp, eps, callback, finite_diff_rel_step, **unknown_options)[0m
[1;32m    375[0m     sf = _prepare_scalar_function(func, x, jac=jac, args=args, epsilon=eps,
[1;32m    376[0m                                   [0mfinite_diff_rel_step[0m[0;34m=[0m[0mfinite_diff_rel_step[0m[0;34m,[0m[0;34m[0m[0;34m[0m[0m
[0;32m--> 377[0;31m                                   bounds=new_bounds)
[0m[1;32m    378[0m     [0;31m# gh11403 SLSQP sometimes exceeds bounds by 1 or 2 ULP, make sure this[0m[0;34m[0m[0;34m[0m[0;34m[0m[0m
[1;32m    379[0m     [0;31m# doesn't get sent to the func/grad evaluator.[0m[0;34m[0m[0;34m[0m[0;34m[0m[0m

[0;32m/opt/hostedtoolcache/Python/3.7.10/x64/lib/python3.7/site-packages/scipy/optimize/optimize.py[0m in [0;36m_prepare_scalar_function[0;34m(fun, x0, jac, args, bounds, epsilon, finite_diff_rel_step, hess)[0m
[1;32m    260[0m     [0;31m# calculation reduces overall function evaluations.[0m[0;34m[0m[0;34m[0m[0;34m[0m[0m
[1;32m    261[0m     sf = ScalarFunction(fun, x0, args, grad, hess,
[0;32m--> 262[0;31m                         finite_diff_rel_step, bounds, epsilon=epsilon)
[0m[1;32m    263[0m [0;34m[0m[0m
[1;32m    264[0m     [0;32mreturn[0m [0msf[0m[0;34m[0m[0;34m[0m[0m

[0;32m/opt/hostedtoolcache/Python/3.7.10/x64/lib/python3.7/site-packages/scipy/optimize/_differentiable_functions.py[0m in [0;36m__init__[0;34m(self, fun, x0, args, grad, hess, finite_diff_rel_step, finite_diff_bounds, epsilon)[0m
[1;32m    134[0m [0;34m[0m[0m
[1;32m    135[0m         [0mself[0m[0;34m.[0m[0m_update_fun_impl[0m [0;34m=[0m [0mupdate_fun[0m[0;34m[0m[0;34m[0m[0m
[0;32m--> 136[0;31m         [0mself[0m[0;34m.[0m[0m_update_fun[0m[0;34m([0m[0;34m)[0m[0;34m[0m[0;34m[0m[0m
[0m[1;32m    137[0m [0;34m[0m[0m
[1;32m    138[0m         [0;31m# Gradient evaluation[0m[0;34m[0m[0;34m[0m[0;34m[0m[0m

[0;32m/opt/hostedtoolcache/Python/3.7.10/x64/lib/python3.7/site-packages/scipy/optimize/_differentiable_functions.py[0m in [0;36m_update_fun[0;34m(self)[0m
[1;32m    224[0m     [0;32mdef[0m [0m_update_fun[0m[0;34m([0m[0mself[0m[0;34m)[0m[0;34m:[0m[0;34m[0m[0;34m[0m[0m
[1;32m    225[0m         [0;32mif[0m [0;32mnot[0m [0mself[0m[0;34m.[0m[0mf_updated[0m[0;34m:[0m[0;34m[0m[0;34m[0m[0m
[0;32m--> 226[0;31m             [0mself[0m[0;34m.[0m[0m_update_fun_impl[0m[0;34m([0m[0;34m)[0m[0;34m[0m[0;34m[0m[0m
[0m[1;32m    227[0m             [0mself[0m[0;34m.[0m[0mf_updated[0m [0;34m=[0m [0;32mTrue[0m[0;34m[0m[0;34m[0m[0m
[1;32m    228[0m [0;34m[0m[0m

[0;32m/opt/hostedtoolcache/Python/3.7.10/x64/lib/python3.7/site-packages/scipy/optimize/_differentiable_functions.py[0m in [0;36mupdate_fun[0;34m()[0m
[1;32m    131[0m [0;34m[0m[0m
[1;32m    132[0m         [0;32mdef[0m [0mupdate_fun[0m[0;34m([0m[0;34m)[0m[0;34m:[0m[0;34m[0m[0;34m[0m[0m
[0;32m--> 133[0;31m             [0mself[0m[0;34m.[0m[0mf[0m [0;34m=[0m [0mfun_wrapped[0m[0;34m([0m[0mself[0m[0;34m.[0m[0mx[0m[0;34m)[0m[0;34m[0m[0;34m[0m[0m
[0m[1;32m    134[0m [0;34m[0m[0m
[1;32m    135[0m         [0mself[0m[0;34m.[0m[0m_update_fun_impl[0m [0;34m=[0m [0mupdate_fun[0m[0;34m[0m[0;34m[0m[0m

[0;32m/opt/hostedtoolcache/Python/3.7.10/x64/lib/python3.7/site-packages/scipy/optimize/_differentiable_functions.py[0m in [0;36mfun_wrapped[0;34m(x)[0m
[1;32m    128[0m         [0;32mdef[0m [0mfun_wrapped[0m[0;34m([0m[0mx[0m[0;34m)[0m[0;34m:[0m[0;34m[0m[0;34m[0m[0m
[1;32m    129[0m             [0mself[0m[0;34m.[0m[0mnfev[0m [0;34m+=[0m [0;36m1[0m[0;34m[0m[0;34m[0m[0m
[0;32m--> 130[0;31m             [0;32mreturn[0m [0mfun[0m[0;34m([0m[0mx[0m[0;34m,[0m [0;34m*[0m[0margs[0m[0;34m)[0m[0;34m[0m[0;34m[0m[0m
[0m[1;32m    131[0m [0;34m[0m[0m
[1;32m    132[0m         [0;32mdef[0m [0mupdate_fun[0m[0;34m([0m[0;34m)[0m[0;34m:[0m[0;34m[0m[0;34m[0m[0m

[0;32m<ipython-input-7-abb54d7aea75>[0m in [0;36mnegU[0;34m(x)[0m
[1;32m      5[0m [0;34m[0m[0m
[1;32m      6[0m     [0;32mdef[0m [0mnegU[0m[0;34m([0m[0mx[0m[0;34m)[0m[0;34m:[0m[0;34m[0m[0;34m[0m[0m
[0;32m----> 7[0;31m         [0;32mreturn[0m [0;34m-[0m[0mU[0m[0;34m([0m[0mx[0m[0;34m,[0m [0ma[0m[0;34m)[0m[0;34m[0m[0;34m[0m[0m
[0m[1;32m      8[0m [0;34m[0m[0m
[1;32m      9[0m     [0mx[0m [0;34m=[0m [0mnp[0m[0;34m.[0m[0marray[0m[0;34m([0m[0;34m[[0m[0;34m([0m[0mI[0m[0;34m/[0m[0;36m2[0m[0;34m)[0m[0;34m/[0m[0mp[0m[0;34m,[0m [0;34m([0m[0mI[0m[0;34m/[0m[0;36m2[0m[0;34m)[0m[0;34m][0m[0;34m)[0m  [0;31m# initial guess - spend half I on each good[0m[0;34m[0m[0;34m[0m[0m

[0;31mNameError[0m: name 'U' is not defined
NameError: name 'U' is not defined

